{"numFailedTestSuites":0,"numFailedTests":0,"numPassedTestSuites":2,"numPassedTests":27,"numPendingTestSuites":0,"numPendingTests":0,"numRuntimeErrorTestSuites":0,"numTodoTests":0,"numTotalTestSuites":2,"numTotalTests":27,"openHandles":[],"snapshot":{"added":0,"didUpdate":false,"failure":false,"filesAdded":0,"filesRemoved":0,"filesRemovedList":[],"filesUnmatched":0,"filesUpdated":0,"matched":0,"total":0,"unchecked":0,"uncheckedKeysByFile":[],"unmatched":0,"updated":0},"startTime":1761967029929,"success":true,"testResults":[{"assertionResults":[{"ancestorTitles":["TEST 1: Rate Limiting"],"duration":654,"failing":false,"failureDetails":[],"failureMessages":[],"fullName":"TEST 1: Rate Limiting Debe bloquear después de 100 requests en 15 minutos","invocations":1,"location":null,"numPassingAsserts":2,"retryReasons":[],"startAt":1761967032539,"status":"passed","title":"Debe bloquear después de 100 requests en 15 minutos"},{"ancestorTitles":["TEST 1: Rate Limiting"],"duration":28,"failing":false,"failureDetails":[],"failureMessages":[],"fullName":"TEST 1: Rate Limiting Debe incluir headers RFC 6585","invocations":1,"location":null,"numPassingAsserts":1,"retryReasons":[],"startAt":1761967033194,"status":"passed","title":"Debe incluir headers RFC 6585"},{"ancestorTitles":["TEST 2: XSS Protection"],"duration":196,"failing":false,"failureDetails":[],"failureMessages":[],"fullName":"TEST 2: XSS Protection Debe sanitizar scripts en registro","invocations":1,"location":null,"numPassingAsserts":2,"retryReasons":[],"startAt":1761967033223,"status":"passed","title":"Debe sanitizar scripts en registro"},{"ancestorTitles":["TEST 2: XSS Protection"],"duration":161,"failing":false,"failureDetails":[],"failureMessages":[],"fullName":"TEST 2: XSS Protection Debe escapar HTML malicioso","invocations":1,"location":null,"numPassingAsserts":1,"retryReasons":[],"startAt":1761967033420,"status":"passed","title":"Debe escapar HTML malicioso"},{"ancestorTitles":["TEST 3: NoSQL Injection Protection"],"duration":19,"failing":false,"failureDetails":[],"failureMessages":[],"fullName":"TEST 3: NoSQL Injection Protection Debe rechazar operadores MongoDB en login","invocations":1,"location":null,"numPassingAsserts":1,"retryReasons":[],"startAt":1761967033582,"status":"passed","title":"Debe rechazar operadores MongoDB en login"},{"ancestorTitles":["TEST 3: NoSQL Injection Protection"],"duration":189,"failing":false,"failureDetails":[],"failureMessages":[],"fullName":"TEST 3: NoSQL Injection Protection Debe sanitizar operadores en query params","invocations":1,"location":null,"numPassingAsserts":1,"retryReasons":[],"startAt":1761967033602,"status":"passed","title":"Debe sanitizar operadores en query params"},{"ancestorTitles":["TEST 4: JWT Refresh Token Rotation"],"duration":192,"failing":false,"failureDetails":[],"failureMessages":[],"fullName":"TEST 4: JWT Refresh Token Rotation Debe invalidar refresh token anterior después de rotación","invocations":1,"location":null,"numPassingAsserts":4,"retryReasons":[],"startAt":1761967033792,"status":"passed","title":"Debe invalidar refresh token anterior después de rotación"},{"ancestorTitles":["TEST 5: Input Validation"],"duration":15,"failing":false,"failureDetails":[],"failureMessages":[],"fullName":"TEST 5: Input Validation Debe rechazar email inválido","invocations":1,"location":null,"numPassingAsserts":2,"retryReasons":[],"startAt":1761967033985,"status":"passed","title":"Debe rechazar email inválido"},{"ancestorTitles":["TEST 5: Input Validation"],"duration":16,"failing":false,"failureDetails":[],"failureMessages":[],"fullName":"TEST 5: Input Validation Debe rechazar contraseña corta","invocations":1,"location":null,"numPassingAsserts":2,"retryReasons":[],"startAt":1761967034000,"status":"passed","title":"Debe rechazar contraseña corta"},{"ancestorTitles":["TEST 5: Input Validation"],"duration":14,"failing":false,"failureDetails":[],"failureMessages":[],"fullName":"TEST 5: Input Validation Debe rechazar nombre muy corto","invocations":1,"location":null,"numPassingAsserts":1,"retryReasons":[],"startAt":1761967034017,"status":"passed","title":"Debe rechazar nombre muy corto"},{"ancestorTitles":["TEST 6: ObjectId Validation"],"duration":159,"failing":false,"failureDetails":[],"failureMessages":[],"fullName":"TEST 6: ObjectId Validation Debe rechazar ObjectId inválido","invocations":1,"location":null,"numPassingAsserts":2,"retryReasons":[],"startAt":1761967034032,"status":"passed","title":"Debe rechazar ObjectId inválido"},{"ancestorTitles":["TEST 7: Path Traversal Protection"],"duration":173,"failing":false,"failureDetails":[],"failureMessages":[],"fullName":"TEST 7: Path Traversal Protection Debe sanitizar path traversal en filenames","invocations":1,"location":null,"numPassingAsserts":0,"retryReasons":[],"startAt":1761967034191,"status":"passed","title":"Debe sanitizar path traversal en filenames"},{"ancestorTitles":["TEST 8: Security Headers"],"duration":9,"failing":false,"failureDetails":[],"failureMessages":[],"fullName":"TEST 8: Security Headers Debe incluir headers de seguridad","invocations":1,"location":null,"numPassingAsserts":3,"retryReasons":[],"startAt":1761967034364,"status":"passed","title":"Debe incluir headers de seguridad"},{"ancestorTitles":["TEST 9: CORS Configuration"],"duration":8,"failing":false,"failureDetails":[],"failureMessages":[],"fullName":"TEST 9: CORS Configuration Debe rechazar orígenes no permitidos","invocations":1,"location":null,"numPassingAsserts":1,"retryReasons":[],"startAt":1761967034373,"status":"passed","title":"Debe rechazar orígenes no permitidos"},{"ancestorTitles":["TEST 9: CORS Configuration"],"duration":7,"failing":false,"failureDetails":[],"failureMessages":[],"fullName":"TEST 9: CORS Configuration Debe permitir orígenes configurados","invocations":1,"location":null,"numPassingAsserts":2,"retryReasons":[],"startAt":1761967034382,"status":"passed","title":"Debe permitir orígenes configurados"},{"ancestorTitles":["TEST 10: Password Security"],"duration":147,"failing":false,"failureDetails":[],"failureMessages":[],"fullName":"TEST 10: Password Security No debe devolver password en respuestas","invocations":1,"location":null,"numPassingAsserts":2,"retryReasons":[],"startAt":1761967034390,"status":"passed","title":"No debe devolver password en respuestas"},{"ancestorTitles":["TEST 10: Password Security"],"duration":4,"failing":false,"failureDetails":[],"failureMessages":[],"fullName":"TEST 10: Password Security Debe hashear passwords en DB","invocations":1,"location":null,"numPassingAsserts":3,"retryReasons":[],"startAt":1761967034538,"status":"passed","title":"Debe hashear passwords en DB"},{"ancestorTitles":["SECURITY TEST SUMMARY"],"duration":20,"failing":false,"failureDetails":[],"failureMessages":[],"fullName":"SECURITY TEST SUMMARY Resumen de cobertura de seguridad","invocations":1,"location":null,"numPassingAsserts":0,"retryReasons":[],"startAt":1761967034543,"status":"passed","title":"Resumen de cobertura de seguridad"}],"endTime":1761967034605,"message":"","name":"C:\\Users\\camil\\Downloads\\Compressed\\aplicativo_cermont_prueba\\cermont_aplicativo\\apps\\backend\\src\\tests\\security.test.js","startTime":1761967029980,"status":"passed","summary":""},{"assertionResults":[{"ancestorTitles":["Input Sanitization Tests","XSS Protection"],"duration":160,"failing":false,"failureDetails":[],"failureMessages":[],"fullName":"Input Sanitization Tests XSS Protection should sanitize XSS in registration","invocations":1,"location":null,"numPassingAsserts":2,"retryReasons":[],"startAt":1761967035388,"status":"passed","title":"should sanitize XSS in registration"},{"ancestorTitles":["Input Sanitization Tests","XSS Protection"],"duration":45,"failing":false,"failureDetails":[],"failureMessages":[],"fullName":"Input Sanitization Tests XSS Protection should sanitize XSS in order description","invocations":1,"location":null,"numPassingAsserts":1,"retryReasons":[],"startAt":1761967035549,"status":"passed","title":"should sanitize XSS in order description"},{"ancestorTitles":["Input Sanitization Tests","NoSQL Injection Protection"],"duration":17,"failing":false,"failureDetails":[],"failureMessages":[],"fullName":"Input Sanitization Tests NoSQL Injection Protection should prevent NoSQL injection in login","invocations":1,"location":null,"numPassingAsserts":1,"retryReasons":[],"startAt":1761967035595,"status":"passed","title":"should prevent NoSQL injection in login"},{"ancestorTitles":["Input Sanitization Tests","NoSQL Injection Protection"],"duration":27,"failing":false,"failureDetails":[],"failureMessages":[],"fullName":"Input Sanitization Tests NoSQL Injection Protection should sanitize MongoDB operators in query","invocations":1,"location":null,"numPassingAsserts":1,"retryReasons":[],"startAt":1761967035612,"status":"passed","title":"should sanitize MongoDB operators in query"},{"ancestorTitles":["Input Sanitization Tests","Input Validation"],"duration":15,"failing":false,"failureDetails":[],"failureMessages":[],"fullName":"Input Sanitization Tests Input Validation should reject invalid email","invocations":1,"location":null,"numPassingAsserts":2,"retryReasons":[],"startAt":1761967035639,"status":"passed","title":"should reject invalid email"},{"ancestorTitles":["Input Sanitization Tests","Input Validation"],"duration":15,"failing":false,"failureDetails":[],"failureMessages":[],"fullName":"Input Sanitization Tests Input Validation should reject short password","invocations":1,"location":null,"numPassingAsserts":2,"retryReasons":[],"startAt":1761967035655,"status":"passed","title":"should reject short password"},{"ancestorTitles":["Input Sanitization Tests","Input Validation"],"duration":13,"failing":false,"failureDetails":[],"failureMessages":[],"fullName":"Input Sanitization Tests Input Validation should reject invalid ObjectId","invocations":1,"location":null,"numPassingAsserts":2,"retryReasons":[],"startAt":1761967035671,"status":"passed","title":"should reject invalid ObjectId"},{"ancestorTitles":["Input Sanitization Tests","Path Traversal Protection"],"duration":17,"failing":false,"failureDetails":[],"failureMessages":[],"fullName":"Input Sanitization Tests Path Traversal Protection should prevent path traversal in filename","invocations":1,"location":null,"numPassingAsserts":2,"retryReasons":[],"startAt":1761967035684,"status":"passed","title":"should prevent path traversal in filename"},{"ancestorTitles":["Input Sanitization Tests","SQL Injection Protection"],"duration":19,"failing":false,"failureDetails":[],"failureMessages":[],"fullName":"Input Sanitization Tests SQL Injection Protection should sanitize SQL injection attempts","invocations":1,"location":null,"numPassingAsserts":1,"retryReasons":[],"startAt":1761967035702,"status":"passed","title":"should sanitize SQL injection attempts"}],"endTime":1761967035752,"message":"","name":"C:\\Users\\camil\\Downloads\\Compressed\\aplicativo_cermont_prueba\\cermont_aplicativo\\apps\\backend\\src\\tests\\sanitization.test.js","startTime":1761967034620,"status":"passed","summary":""}],"wasInterrupted":false}
