prisma/seed_root.ts(9,26): error TS2307: Cannot find module '@prisma/adapter-pg' or its corresponding type declarations.
prisma/verify-stats.ts(2,26): error TS2307: Cannot find module '@prisma/adapter-pg' or its corresponding type declarations.
prisma/verify-stats.ts(8,35): error TS2353: Object literal may only specify known properties, and 'adapter' does not exist in type 'Subset<PrismaClientOptions, PrismaClientOptions>'.
src/modules/admin/admin.service.ts(78,21): error TS2353: Object literal may only specify known properties, and 'phone' does not exist in type '(Without<UserCreateInput, UserUncheckedCreateInput> & UserUncheckedCreateInput) | (Without<...> & UserCreateInput)'.
src/modules/admin/admin.service.ts(92,43): error TS2345: Argument of type '{ name: string; email: string; password: string; id: string; role: string; status: string; createdAt: Date; updatedAt: Date; }' is not assignable to parameter of type '{ id: string; email: string; name: string; role: string; phone: string | null; avatar: string | null; active: boolean; emailVerified?: boolean | undefined; lastLogin: Date | null; loginAttempts?: number | undefined; lockedUntil?: Date | ... 1 more ... | undefined; createdAt: Date; }'.
  Type '{ name: string; email: string; password: string; id: string; role: string; status: string; createdAt: Date; updatedAt: Date; }' is missing the following properties from type '{ id: string; email: string; name: string; role: string; phone: string | null; avatar: string | null; active: boolean; emailVerified?: boolean | undefined; lastLogin: Date | null; loginAttempts?: number | undefined; lockedUntil?: Date | ... 1 more ... | undefined; createdAt: Date; }': phone, avatar, active, lastLogin
src/modules/admin/admin.service.ts(132,59): error TS2345: Argument of type '{ name: string; email: string; password: string; id: string; role: string; status: string; createdAt: Date; updatedAt: Date; }' is not assignable to parameter of type '{ id: string; email: string; name: string; role: string; phone: string | null; avatar: string | null; active: boolean; emailVerified?: boolean | undefined; lastLogin: Date | null; loginAttempts?: number | undefined; lockedUntil?: Date | ... 1 more ... | undefined; createdAt: Date; }'.
  Type '{ name: string; email: string; password: string; id: string; role: string; status: string; createdAt: Date; updatedAt: Date; }' is missing the following properties from type '{ id: string; email: string; name: string; role: string; phone: string | null; avatar: string | null; active: boolean; emailVerified?: boolean | undefined; lastLogin: Date | null; loginAttempts?: number | undefined; lockedUntil?: Date | ... 1 more ... | undefined; createdAt: Date; }': phone, avatar, active, lastLogin
src/modules/admin/admin.service.ts(149,39): error TS2345: Argument of type '{ name: string; email: string; password: string; id: string; role: string; status: string; createdAt: Date; updatedAt: Date; }' is not assignable to parameter of type '{ id: string; email: string; name: string; role: string; phone: string | null; avatar: string | null; active: boolean; emailVerified?: boolean | undefined; lastLogin: Date | null; loginAttempts?: number | undefined; lockedUntil?: Date | ... 1 more ... | undefined; createdAt: Date; }'.
  Type '{ name: string; email: string; password: string; id: string; role: string; status: string; createdAt: Date; updatedAt: Date; }' is missing the following properties from type '{ id: string; email: string; name: string; role: string; phone: string | null; avatar: string | null; active: boolean; emailVerified?: boolean | undefined; lastLogin: Date | null; loginAttempts?: number | undefined; lockedUntil?: Date | ... 1 more ... | undefined; createdAt: Date; }': phone, avatar, active, lastLogin
src/modules/admin/admin.service.ts(168,17): error TS2353: Object literal may only specify known properties, and 'phone' does not exist in type '(Without<UserUpdateInput, UserUncheckedUpdateInput> & UserUncheckedUpdateInput) | (Without<...> & UserUpdateInput)'.
src/modules/admin/admin.service.ts(168,42): error TS2339: Property 'phone' does not exist on type '{ name: string; email: string; password: string; id: string; role: string; status: string; createdAt: Date; updatedAt: Date; }'.
src/modules/admin/admin.service.ts(169,44): error TS2339: Property 'avatar' does not exist on type '{ name: string; email: string; password: string; id: string; role: string; status: string; createdAt: Date; updatedAt: Date; }'.
src/modules/admin/admin.service.ts(177,39): error TS2345: Argument of type '{ name: string; email: string; password: string; id: string; role: string; status: string; createdAt: Date; updatedAt: Date; }' is not assignable to parameter of type '{ id: string; email: string; name: string; role: string; phone: string | null; avatar: string | null; active: boolean; emailVerified?: boolean | undefined; lastLogin: Date | null; loginAttempts?: number | undefined; lockedUntil?: Date | ... 1 more ... | undefined; createdAt: Date; }'.
  Type '{ name: string; email: string; password: string; id: string; role: string; status: string; createdAt: Date; updatedAt: Date; }' is missing the following properties from type '{ id: string; email: string; name: string; role: string; phone: string | null; avatar: string | null; active: boolean; emailVerified?: boolean | undefined; lastLogin: Date | null; loginAttempts?: number | undefined; lockedUntil?: Date | ... 1 more ... | undefined; createdAt: Date; }': phone, avatar, active, lastLogin
src/modules/admin/admin.service.ts(218,39): error TS2345: Argument of type '{ name: string; email: string; password: string; id: string; role: string; status: string; createdAt: Date; updatedAt: Date; }' is not assignable to parameter of type '{ id: string; email: string; name: string; role: string; phone: string | null; avatar: string | null; active: boolean; emailVerified?: boolean | undefined; lastLogin: Date | null; loginAttempts?: number | undefined; lockedUntil?: Date | ... 1 more ... | undefined; createdAt: Date; }'.
  Type '{ name: string; email: string; password: string; id: string; role: string; status: string; createdAt: Date; updatedAt: Date; }' is missing the following properties from type '{ id: string; email: string; name: string; role: string; phone: string | null; avatar: string | null; active: boolean; emailVerified?: boolean | undefined; lastLogin: Date | null; loginAttempts?: number | undefined; lockedUntil?: Date | ... 1 more ... | undefined; createdAt: Date; }': phone, avatar, active, lastLogin
src/modules/admin/admin.service.ts(244,21): error TS2353: Object literal may only specify known properties, and 'active' does not exist in type '(Without<UserUpdateInput, UserUncheckedUpdateInput> & UserUncheckedUpdateInput) | (Without<...> & UserUpdateInput)'.
src/modules/admin/admin.service.ts(344,47): error TS2353: Object literal may only specify known properties, and 'active' does not exist in type 'UserWhereInput'.
src/modules/admin/admin.service.ts(410,21): error TS2353: Object literal may only specify known properties, and 'entityType' does not exist in type '(Without<AuditLogCreateInput, AuditLogUncheckedCreateInput> & AuditLogUncheckedCreateInput) | (Without<...> & AuditLogCreateInput)'.
src/modules/admin/application/event-handlers/password-reset.handler.ts(28,11): error TS2322: Type '{ isAdminReset: boolean; }' is not assignable to type 'string'.
src/modules/admin/application/event-handlers/role-changed.handler.ts(28,11): error TS2322: Type '{ rolAnterior: string; nuevoRol: string; }' is not assignable to type 'string'.
src/modules/admin/application/event-handlers/user-created.handler.ts(29,11): error TS2322: Type '{ email: string; name: string; role: string; }' is not assignable to type 'string'.
src/modules/admin/application/event-handlers/user-deactivated.handler.ts(28,11): error TS2322: Type '{ reason: string; }' is not assignable to type 'string'.
src/modules/admin/infrastructure/persistence/user.repository.ts(31,38): error TS2345: Argument of type '{ id: string; createdAt: Date; updatedAt: Date; email: string; password: string; name: string; role: string; status: string; }' is not assignable to parameter of type 'PrismaUser'.
  Type '{ id: string; createdAt: Date; updatedAt: Date; email: string; password: string; name: string; role: string; status: string; }' is missing the following properties from type 'PrismaUser': phone, avatar, active, lastLogin
src/modules/admin/infrastructure/persistence/user.repository.ts(41,38): error TS2345: Argument of type '{ id: string; createdAt: Date; updatedAt: Date; email: string; password: string; name: string; role: string; status: string; }' is not assignable to parameter of type 'PrismaUser'.
  Type '{ id: string; createdAt: Date; updatedAt: Date; email: string; password: string; name: string; role: string; status: string; }' is missing the following properties from type 'PrismaUser': phone, avatar, active, lastLogin
src/modules/admin/infrastructure/persistence/user.repository.ts(68,9): error TS2322: Type 'import("C:/Users/camil/Downloads/Compressed/aplicativo_cermont_prueba/cermont_aplicativo/apps/api/node_modules/.prisma/client/index").Prisma.UserWhereInput' is not assignable to type 'import("C:/Users/camil/Downloads/Compressed/aplicativo_cermont_prueba/cermont_aplicativo/node_modules/.pnpm/@prisma+client@5.22.0_prisma@5.22.0/node_modules/.prisma/client/index").Prisma.UserWhereInput'.
  Types of property 'AND' are incompatible.
    Type 'import("C:/Users/camil/Downloads/Compressed/aplicativo_cermont_prueba/cermont_aplicativo/apps/api/node_modules/.prisma/client/index").Prisma.UserWhereInput | import("C:/Users/camil/Downloads/Compressed/aplicativo_cermont_prueba/cermont_aplicativo/apps/api/node_modules/.prisma/client/index").Prisma.UserWhereInput[] |...' is not assignable to type 'import("C:/Users/camil/Downloads/Compressed/aplicativo_cermont_prueba/cermont_aplicativo/node_modules/.pnpm/@prisma+client@5.22.0_prisma@5.22.0/node_modules/.prisma/client/index").Prisma.UserWhereInput | import("C:/Users/camil/Downloads/Compressed/aplicativo_cermont_prueba/cermont_aplicativo/node_modules/.pnpm/@pris...'.
      Type 'UserWhereInput' is not assignable to type 'UserWhereInput | UserWhereInput[] | undefined'.
src/modules/admin/infrastructure/persistence/user.repository.ts(73,32): error TS2322: Type 'import("C:/Users/camil/Downloads/Compressed/aplicativo_cermont_prueba/cermont_aplicativo/apps/api/node_modules/.prisma/client/index").Prisma.UserWhereInput' is not assignable to type 'import("C:/Users/camil/Downloads/Compressed/aplicativo_cermont_prueba/cermont_aplicativo/node_modules/.pnpm/@prisma+client@5.22.0_prisma@5.22.0/node_modules/.prisma/client/index").Prisma.UserWhereInput'.
  Types of property 'AND' are incompatible.
    Type 'import("C:/Users/camil/Downloads/Compressed/aplicativo_cermont_prueba/cermont_aplicativo/apps/api/node_modules/.prisma/client/index").Prisma.UserWhereInput | import("C:/Users/camil/Downloads/Compressed/aplicativo_cermont_prueba/cermont_aplicativo/apps/api/node_modules/.prisma/client/index").Prisma.UserWhereInput[] |...' is not assignable to type 'import("C:/Users/camil/Downloads/Compressed/aplicativo_cermont_prueba/cermont_aplicativo/node_modules/.pnpm/@prisma+client@5.22.0_prisma@5.22.0/node_modules/.prisma/client/index").Prisma.UserWhereInput | import("C:/Users/camil/Downloads/Compressed/aplicativo_cermont_prueba/cermont_aplicativo/node_modules/.pnpm/@pris...'.
      Type 'UserWhereInput' is not assignable to type 'UserWhereInput | UserWhereInput[] | undefined'.
src/modules/admin/infrastructure/persistence/user.repository.ts(77,23): error TS2345: Argument of type '(prismaUser: PrismaUser) => UserEntity' is not assignable to parameter of type '(value: { id: string; createdAt: Date; updatedAt: Date; email: string; password: string; name: string; role: string; status: string; }, index: number, array: { id: string; createdAt: Date; ... 5 more ...; status: string; }[]) => UserEntity'.
  Types of parameters 'prismaUser' and 'value' are incompatible.
    Type '{ id: string; createdAt: Date; updatedAt: Date; email: string; password: string; name: string; role: string; status: string; }' is missing the following properties from type 'PrismaUser': phone, avatar, active, lastLogin
src/modules/admin/infrastructure/persistence/user.repository.ts(105,38): error TS2345: Argument of type '{ id: string; createdAt: Date; updatedAt: Date; email: string; password: string; name: string; role: string; status: string; }' is not assignable to parameter of type 'PrismaUser'.
  Type '{ id: string; createdAt: Date; updatedAt: Date; email: string; password: string; name: string; role: string; status: string; }' is missing the following properties from type 'PrismaUser': phone, avatar, active, lastLogin
src/modules/admin/infrastructure/persistence/user.repository.ts(123,40): error TS2353: Object literal may only specify known properties, and 'active' does not exist in type 'UserWhereInput'.
src/modules/admin/infrastructure/persistence/user.repository.ts(129,16): error TS2353: Object literal may only specify known properties, and 'active' does not exist in type 'UserWhereInput'.
src/modules/admin/infrastructure/persistence/user.repository.ts(136,41): error TS2353: Object literal may only specify known properties, and 'active' does not exist in type 'UserWhereInput'.
src/modules/admin/infrastructure/persistence/user.repository.ts(164,22): error TS2345: Argument of type '(prismaUser: PrismaUser) => UserEntity' is not assignable to parameter of type '(value: { id: string; createdAt: Date; updatedAt: Date; email: string; password: string; name: string; role: string; status: string; }, index: number, array: { id: string; createdAt: Date; ... 5 more ...; status: string; }[]) => UserEntity'.
  Types of parameters 'prismaUser' and 'value' are incompatible.
    Type '{ id: string; createdAt: Date; updatedAt: Date; email: string; password: string; name: string; role: string; status: string; }' is missing the following properties from type 'PrismaUser': phone, avatar, active, lastLogin
src/modules/admin/infrastructure/persistence/user.repository.ts(169,43): error TS2353: Object literal may only specify known properties, and 'active' does not exist in type 'UserWhereInput'.
src/modules/alertas/alertas.service.ts(32,51): error TS2339: Property 'acta' does not exist on type 'PrismaService'.
src/modules/alertas/alertas.service.ts(54,31): error TS2339: Property 'acta' does not exist on type 'PrismaService'.
src/modules/alertas/alertas.service.ts(74,49): error TS2339: Property 'sES' does not exist on type 'PrismaService'.
src/modules/alertas/alertas.service.ts(95,31): error TS2339: Property 'sES' does not exist on type 'PrismaService'.
src/modules/alertas/alertas.service.ts(114,52): error TS2339: Property 'factura' does not exist on type 'PrismaService'.
src/modules/alertas/alertas.service.ts(138,31): error TS2339: Property 'factura' does not exist on type 'PrismaService'.
src/modules/alertas/alertas.service.ts(158,56): error TS2339: Property 'propuestaEconomica' does not exist on type 'PrismaService'.
src/modules/alertas/alertas.service.ts(191,28): error TS2339: Property 'alertaAutomatica' does not exist on type 'PrismaService'.
src/modules/alertas/alertas.service.ts(210,28): error TS2339: Property 'alertaAutomatica' does not exist on type 'PrismaService'.
src/modules/alertas/alertas.service.ts(227,28): error TS2339: Property 'alertaAutomatica' does not exist on type 'PrismaService'.
src/modules/alertas/alertas.service.ts(237,28): error TS2339: Property 'alertaAutomatica' does not exist on type 'PrismaService'.
src/modules/alertas/alertas.service.ts(248,25): error TS2339: Property 'alertaAutomatica' does not exist on type 'PrismaService'.
src/modules/alertas/alertas.service.ts(249,25): error TS2339: Property 'alertaAutomatica' does not exist on type 'PrismaService'.
src/modules/alertas/alertas.service.ts(250,25): error TS2339: Property 'alertaAutomatica' does not exist on type 'PrismaService'.
src/modules/alertas/alertas.service.ts(251,25): error TS2339: Property 'alertaAutomatica' does not exist on type 'PrismaService'.
src/modules/alertas/alertas.service.ts(262,38): error TS7006: Parameter 'acc' implicitly has an 'any' type.
src/modules/alertas/alertas.service.ts(262,43): error TS7006: Parameter 'item' implicitly has an 'any' type.
src/modules/alertas/alertas.service.ts(282,45): error TS2339: Property 'alertaAutomatica' does not exist on type 'PrismaService'.
src/modules/alertas/alertas.service.ts(295,28): error TS2339: Property 'alertaAutomatica' does not exist on type 'PrismaService'.
src/modules/alertas/application/use-cases/detectar-actas-sin-firmar.use-case.ts(36,47): error TS2339: Property 'acta' does not exist on type 'PrismaService'.
src/modules/alertas/application/use-cases/detectar-actas-sin-firmar.use-case.ts(93,27): error TS2339: Property 'acta' does not exist on type 'PrismaService'.
src/modules/alertas/infrastructure/persistence/alerta.repository.ts(25,38): error TS2339: Property 'alertaAutomatica' does not exist on type 'PrismaService'.
src/modules/alertas/infrastructure/persistence/alerta.repository.ts(53,38): error TS2339: Property 'alertaAutomatica' does not exist on type 'PrismaService'.
src/modules/alertas/infrastructure/persistence/alerta.repository.ts(65,39): error TS2339: Property 'alertaAutomatica' does not exist on type 'PrismaService'.
src/modules/alertas/infrastructure/persistence/alerta.repository.ts(77,25): error TS7006: Parameter 'r' implicitly has an 'any' type.
src/modules/alertas/infrastructure/persistence/alerta.repository.ts(114,19): error TS2339: Property 'alertaAutomatica' does not exist on type 'PrismaService'.
src/modules/alertas/infrastructure/persistence/alerta.repository.ts(123,19): error TS2339: Property 'alertaAutomatica' does not exist on type 'PrismaService'.
src/modules/alertas/infrastructure/persistence/alerta.repository.ts(127,25): error TS7006: Parameter 'i' implicitly has an 'any' type.
src/modules/alertas/infrastructure/persistence/alerta.repository.ts(133,39): error TS2339: Property 'alertaAutomatica' does not exist on type 'PrismaService'.
src/modules/alertas/infrastructure/persistence/alerta.repository.ts(144,34): error TS7006: Parameter 'r' implicitly has an 'any' type.
src/modules/alertas/infrastructure/persistence/alerta.repository.ts(145,28): error TS7006: Parameter 'a' implicitly has an 'any' type.
src/modules/alertas/infrastructure/persistence/alerta.repository.ts(149,38): error TS2339: Property 'alertaAutomatica' does not exist on type 'PrismaService'.
src/modules/alertas/infrastructure/persistence/alerta.repository.ts(161,23): error TS2339: Property 'alertaAutomatica' does not exist on type 'PrismaService'.
src/modules/alertas/infrastructure/persistence/alerta.repository.ts(171,23): error TS2339: Property 'alertaAutomatica' does not exist on type 'PrismaService'.
src/modules/alertas/infrastructure/persistence/alerta.repository.ts(183,38): error TS2339: Property 'alertaAutomatica' does not exist on type 'PrismaService'.
src/modules/alertas/infrastructure/persistence/alerta.repository.ts(199,24): error TS2339: Property 'alertaAutomatica' does not exist on type 'PrismaService'.
src/modules/alertas/infrastructure/queue/notification-queue.service.ts(207,11): error TS2353: Object literal may only specify known properties, and 'phone' does not exist in type 'UserSelect<DefaultArgs>'.
src/modules/archivado-historico/archivado-historico.service.ts(54,55): error TS2551: Property 'order' does not exist on type 'PrismaService'. Did you mean 'orden'?
src/modules/archivado-historico/archivado-historico.service.ts(104,41): error TS2551: Property 'order' does not exist on type 'PrismaService'. Did you mean 'orden'?
src/modules/archivado-historico/archivado-historico.service.ts(111,27): error TS2551: Property 'order' does not exist on type 'PrismaService'. Did you mean 'orden'?
src/modules/archivado-historico/archivado-historico.service.ts(127,49): error TS2551: Property 'order' does not exist on type 'PrismaService'. Did you mean 'orden'?
src/modules/archivado-historico/archivado-historico.service.ts(193,25): error TS2551: Property 'order' does not exist on type 'PrismaService'. Did you mean 'orden'?
src/modules/archivado-historico/archivado-historico.service.ts(202,25): error TS2551: Property 'order' does not exist on type 'PrismaService'. Did you mean 'orden'?
src/modules/archivado-historico/archivado-historico.service.ts(206,35): error TS7006: Parameter 'o' implicitly has an 'any' type.
src/modules/archivado-historico/archivado-historico.service.ts(220,43): error TS2551: Property 'order' does not exist on type 'PrismaService'. Did you mean 'orden'?
src/modules/archivado-historico/archivado-historico.service.ts(260,25): error TS2551: Property 'order' does not exist on type 'PrismaService'. Did you mean 'orden'?
src/modules/archivado-historico/archivado-historico.service.ts(265,25): error TS2551: Property 'order' does not exist on type 'PrismaService'. Did you mean 'orden'?
src/modules/archivado-historico/archivado-historico.service.ts(298,41): error TS2551: Property 'order' does not exist on type 'PrismaService'. Did you mean 'orden'?
src/modules/archivado-historico/archivado-historico.service.ts(314,22): error TS7006: Parameter 'line' implicitly has an 'any' type.
src/modules/archivado-historico/archivado-historico.service.ts(318,27): error TS2551: Property 'order' does not exist on type 'PrismaService'. Did you mean 'orden'?
src/modules/auth/application/use-cases/forgot-password.use-case.ts(47,31): error TS2339: Property 'passwordResetToken' does not exist on type 'PrismaService'.
src/modules/auth/application/use-cases/forgot-password.use-case.ts(66,31): error TS2339: Property 'passwordResetToken' does not exist on type 'PrismaService'.
src/modules/auth/application/use-cases/reset-password.use-case.ts(24,46): error TS2339: Property 'passwordResetToken' does not exist on type 'PrismaService'.
src/modules/auth/application/use-cases/reset-password.use-case.ts(66,31): error TS2339: Property 'passwordResetToken' does not exist on type 'PrismaService'.
src/modules/auth/application/use-cases/reset-password.use-case.ts(72,31): error TS2339: Property 'refreshToken' does not exist on type 'PrismaService'.
src/modules/auth/application/use-cases/send-2fa-code.use-case.ts(31,21): error TS2353: Object literal may only specify known properties, and 'twoFactorEnabled' does not exist in type 'UserSelect<DefaultArgs>'.
src/modules/auth/application/use-cases/send-2fa-code.use-case.ts(40,23): error TS2339: Property 'twoFactorEnabled' does not exist on type '{ name: string; email: string; password: string; id: string; role: string; status: string; createdAt: Date; updatedAt: Date; }'.
src/modules/auth/application/use-cases/send-2fa-code.use-case.ts(46,31): error TS2339: Property 'twoFactorToken' does not exist on type 'PrismaService'.
src/modules/auth/application/use-cases/send-2fa-code.use-case.ts(60,31): error TS2339: Property 'twoFactorToken' does not exist on type 'PrismaService'.
src/modules/auth/application/use-cases/toggle-2fa.use-case.ts(32,25): error TS2353: Object literal may only specify known properties, and 'twoFactorEnabled' does not exist in type '(Without<UserUpdateInput, UserUncheckedUpdateInput> & UserUncheckedUpdateInput) | (Without<...> & UserUpdateInput)'.
src/modules/auth/application/use-cases/toggle-2fa.use-case.ts(37,35): error TS2339: Property 'twoFactorToken' does not exist on type 'PrismaService'.
src/modules/auth/application/use-cases/validate-reset-token.use-case.ts(21,46): error TS2339: Property 'passwordResetToken' does not exist on type 'PrismaService'.
src/modules/auth/application/use-cases/verify-2fa-code.use-case.ts(32,54): error TS2339: Property 'twoFactorToken' does not exist on type 'PrismaService'.
src/modules/auth/application/use-cases/verify-2fa-code.use-case.ts(45,35): error TS2339: Property 'twoFactorToken' does not exist on type 'PrismaService'.
src/modules/auth/application/use-cases/verify-2fa-code.use-case.ts(56,61): error TS2339: Property 'twoFactorToken' does not exist on type 'PrismaService'.
src/modules/auth/application/use-cases/verify-2fa-code.use-case.ts(65,39): error TS2339: Property 'twoFactorToken' does not exist on type 'PrismaService'.
src/modules/auth/application/use-cases/verify-2fa-code.use-case.ts(77,31): error TS2339: Property 'twoFactorToken' does not exist on type 'PrismaService'.
src/modules/auth/application/use-cases/verify-2fa-code.use-case.ts(86,31): error TS2339: Property 'twoFactorToken' does not exist on type 'PrismaService'.
src/modules/auth/auth.service.ts(83,23): error TS2339: Property 'refreshToken' does not exist on type 'PrismaService'.
src/modules/auth/auth.service.ts(119,24): error TS2339: Property 'active' does not exist on type '{ name: string; email: string; password: string; id: string; role: string; status: string; createdAt: Date; updatedAt: Date; }'.
src/modules/auth/auth.service.ts(133,17): error TS2353: Object literal may only specify known properties, and 'lastLogin' does not exist in type '(Without<UserUpdateInput, UserUncheckedUpdateInput> & UserUncheckedUpdateInput) | (Without<...> & UserUpdateInput)'.
src/modules/auth/auth.service.ts(158,9): error TS2353: Object literal may only specify known properties, and 'phone' does not exist in type '(Without<UserCreateInput, UserUncheckedCreateInput> & UserUncheckedCreateInput) | (Without<...> & UserCreateInput)'.
src/modules/auth/auth.service.ts(171,43): error TS2339: Property 'refreshToken' does not exist on type 'PrismaService'.
src/modules/auth/auth.service.ts(182,25): error TS2339: Property 'refreshToken' does not exist on type 'PrismaService'.
src/modules/auth/auth.service.ts(194,23): error TS2339: Property 'refreshToken' does not exist on type 'PrismaService'.
src/modules/auth/auth.service.ts(216,25): error TS2339: Property 'refreshToken' does not exist on type 'PrismaService'.
src/modules/auth/auth.service.ts(279,9): error TS2353: Object literal may only specify known properties, and 'entityType' does not exist in type '(Without<AuditLogCreateInput, AuditLogUncheckedCreateInput> & AuditLogUncheckedCreateInput) | (Without<...> & AuditLogCreateInput)'.
src/modules/auth/infrastructure/mappers/user.mapper.ts(13,32): error TS2339: Property 'active' does not exist on type '{ name: string; email: string; password: string; id: string; role: string; status: string; createdAt: Date; updatedAt: Date; }'.
src/modules/auth/infrastructure/mappers/user.mapper.ts(14,32): error TS2339: Property 'avatar' does not exist on type '{ name: string; email: string; password: string; id: string; role: string; status: string; createdAt: Date; updatedAt: Date; }'.
src/modules/auth/infrastructure/mappers/user.mapper.ts(15,31): error TS2339: Property 'phone' does not exist on type '{ name: string; email: string; password: string; id: string; role: string; status: string; createdAt: Date; updatedAt: Date; }'.
src/modules/auth/infrastructure/mappers/user.mapper.ts(16,35): error TS2339: Property 'lastLogin' does not exist on type '{ name: string; email: string; password: string; id: string; role: string; status: string; createdAt: Date; updatedAt: Date; }'.
src/modules/auth/infrastructure/persistence/prisma-auth.repository.ts(40,17): error TS2353: Object literal may only specify known properties, and 'phone' does not exist in type '(Without<UserCreateInput, UserUncheckedCreateInput> & UserUncheckedCreateInput) | (Without<...> & UserCreateInput)'.
src/modules/auth/infrastructure/persistence/prisma-auth.repository.ts(51,21): error TS2353: Object literal may only specify known properties, and 'lastLogin' does not exist in type '(Without<UserUpdateInput, UserUncheckedUpdateInput> & UserUncheckedUpdateInput) | (Without<...> & UserUpdateInput)'.
src/modules/auth/infrastructure/persistence/prisma-auth.repository.ts(63,27): error TS2339: Property 'refreshToken' does not exist on type 'PrismaService'.
src/modules/auth/infrastructure/persistence/prisma-auth.repository.ts(76,38): error TS2339: Property 'refreshToken' does not exist on type 'PrismaService'.
src/modules/auth/infrastructure/persistence/prisma-auth.repository.ts(93,27): error TS2339: Property 'refreshToken' does not exist on type 'PrismaService'.
src/modules/auth/infrastructure/persistence/prisma-auth.repository.ts(100,27): error TS2339: Property 'refreshToken' does not exist on type 'PrismaService'.
src/modules/auth/infrastructure/persistence/prisma-auth.repository.ts(114,17): error TS2353: Object literal may only specify known properties, and 'entityType' does not exist in type '(Without<AuditLogCreateInput, AuditLogUncheckedCreateInput> & AuditLogUncheckedCreateInput) | (Without<...> & AuditLogCreateInput)'.
src/modules/auth/infrastructure/persistence/prisma-auth.repository.ts(158,38): error TS2339: Property 'refreshToken' does not exist on type 'PrismaService'.
src/modules/auth/strategies/jwt.strategy.ts(46,9): error TS2353: Object literal may only specify known properties, and 'active' does not exist in type 'UserSelect<DefaultArgs>'.
src/modules/auth/strategies/jwt.strategy.ts(55,15): error TS2339: Property 'active' does not exist on type '{ name: string; email: string; password: string; id: string; role: string; status: string; createdAt: Date; updatedAt: Date; }'.
src/modules/certificaciones/certificaciones.service.ts(52,41): error TS2339: Property 'certificado' does not exist on type 'PrismaService'.
src/modules/certificaciones/certificaciones.service.ts(84,48): error TS2339: Property 'certificado' does not exist on type 'PrismaService'.
src/modules/certificaciones/certificaciones.service.ts(221,48): error TS2339: Property 'certificado' does not exist on type 'PrismaService'.
src/modules/checklists/application/use-cases/assign-checklist-to-ejecucion.use-case.ts(42,43): error TS2339: Property 'ejecucion' does not exist on type 'PrismaService'.
src/modules/checklists/application/use-cases/assign-checklist-to-orden.use-case.ts(42,39): error TS2551: Property 'order' does not exist on type 'PrismaService'. Did you mean 'orden'?
src/modules/checklists/infrastructure/persistence/checklist.repository.ts(38,38): error TS2339: Property 'checklistTemplate' does not exist on type 'PrismaService'.
src/modules/checklists/infrastructure/persistence/checklist.repository.ts(76,27): error TS2339: Property 'checklistTemplate' does not exist on type 'PrismaService'.
src/modules/checklists/infrastructure/persistence/checklist.repository.ts(82,38): error TS2339: Property 'checklistEjecucion' does not exist on type 'PrismaService'.
src/modules/checklists/infrastructure/persistence/checklist.repository.ts(146,40): error TS2339: Property 'checklistTemplate' does not exist on type 'PrismaService'.
src/modules/checklists/infrastructure/persistence/checklist.repository.ts(156,41): error TS2339: Property 'checklistEjecucion' does not exist on type 'PrismaService'.
src/modules/checklists/infrastructure/persistence/checklist.repository.ts(175,40): error TS2339: Property 'checklistTemplate' does not exist on type 'PrismaService'.
src/modules/checklists/infrastructure/persistence/checklist.repository.ts(188,41): error TS2339: Property 'checklistEjecucion' does not exist on type 'PrismaService'.
src/modules/checklists/infrastructure/persistence/checklist.repository.ts(238,47): error TS2339: Property 'ejecucion' does not exist on type 'PrismaService'.
src/modules/checklists/infrastructure/persistence/checklist.repository.ts(247,47): error TS7006: Parameter 'e' implicitly has an 'any' type.
src/modules/checklists/infrastructure/persistence/checklist.repository.ts(252,21): error TS2339: Property 'checklistEjecucion' does not exist on type 'PrismaService'.
src/modules/checklists/infrastructure/persistence/checklist.repository.ts(265,21): error TS2339: Property 'checklistEjecucion' does not exist on type 'PrismaService'.
src/modules/checklists/infrastructure/persistence/checklist.repository.ts(269,27): error TS7006: Parameter 'item' implicitly has an 'any' type.
src/modules/checklists/infrastructure/persistence/checklist.repository.ts(276,19): error TS2339: Property 'checklistTemplate' does not exist on type 'PrismaService'.
src/modules/checklists/infrastructure/persistence/checklist.repository.ts(283,19): error TS2339: Property 'checklistTemplate' does not exist on type 'PrismaService'.
src/modules/checklists/infrastructure/persistence/checklist.repository.ts(287,25): error TS7006: Parameter 'item' implicitly has an 'any' type.
src/modules/checklists/infrastructure/persistence/checklist.repository.ts(304,41): error TS2339: Property 'checklistTemplate' does not exist on type 'PrismaService'.
src/modules/checklists/infrastructure/persistence/checklist.repository.ts(310,27): error TS7006: Parameter 't' implicitly has an 'any' type.
src/modules/checklists/infrastructure/persistence/checklist.repository.ts(314,41): error TS2339: Property 'checklistTemplate' does not exist on type 'PrismaService'.
src/modules/checklists/infrastructure/persistence/checklist.repository.ts(319,27): error TS7006: Parameter 't' implicitly has an 'any' type.
src/modules/checklists/infrastructure/persistence/checklist.repository.ts(324,43): error TS2339: Property 'ejecucion' does not exist on type 'PrismaService'.
src/modules/checklists/infrastructure/persistence/checklist.repository.ts(333,43): error TS7006: Parameter 'e' implicitly has an 'any' type.
src/modules/checklists/infrastructure/persistence/checklist.repository.ts(335,42): error TS2339: Property 'checklistEjecucion' does not exist on type 'PrismaService'.
src/modules/checklists/infrastructure/persistence/checklist.repository.ts(349,28): error TS7006: Parameter 'c' implicitly has an 'any' type.
src/modules/checklists/infrastructure/persistence/checklist.repository.ts(353,42): error TS2339: Property 'checklistEjecucion' does not exist on type 'PrismaService'.
src/modules/checklists/infrastructure/persistence/checklist.repository.ts(365,28): error TS7006: Parameter 'c' implicitly has an 'any' type.
src/modules/checklists/infrastructure/persistence/checklist.repository.ts(374,40): error TS2339: Property 'checklistEjecucion' does not exist on type 'PrismaService'.
src/modules/checklists/infrastructure/persistence/checklist.repository.ts(385,45): error TS2339: Property 'ejecucion' does not exist on type 'PrismaService'.
src/modules/checklists/infrastructure/persistence/checklist.repository.ts(390,45): error TS7006: Parameter 'e' implicitly has an 'any' type.
src/modules/checklists/infrastructure/persistence/checklist.repository.ts(392,40): error TS2339: Property 'checklistEjecucion' does not exist on type 'PrismaService'.
src/modules/checklists/infrastructure/persistence/checklist.repository.ts(408,25): error TS2339: Property 'checklistTemplate' does not exist on type 'PrismaService'.
src/modules/checklists/infrastructure/persistence/checklist.repository.ts(417,23): error TS2339: Property 'checklistEjecucion' does not exist on type 'PrismaService'.
src/modules/cierre-administrativo/cierre-administrativo.service.ts(70,19): error TS2339: Property 'cierreAdministrativo' does not exist on type 'PrismaService'.
src/modules/cierre-administrativo/cierre-administrativo.service.ts(71,19): error TS2339: Property 'acta' does not exist on type 'PrismaService'.
src/modules/cierre-administrativo/cierre-administrativo.service.ts(72,19): error TS2339: Property 'sES' does not exist on type 'PrismaService'.
src/modules/cierre-administrativo/cierre-administrativo.service.ts(73,19): error TS2339: Property 'factura' does not exist on type 'PrismaService'.
src/modules/cierre-administrativo/cierre-administrativo.service.ts(86,36): error TS2339: Property 'acta' does not exist on type 'PrismaService'.
src/modules/cierre-administrativo/cierre-administrativo.service.ts(112,35): error TS2339: Property 'sES' does not exist on type 'PrismaService'.
src/modules/cierre-administrativo/cierre-administrativo.service.ts(141,39): error TS2339: Property 'factura' does not exist on type 'PrismaService'.
src/modules/cierre-administrativo/cierre-administrativo.service.ts(173,37): error TS2551: Property 'order' does not exist on type 'PrismaService'. Did you mean 'orden'?
src/modules/cierre-administrativo/cierre-administrativo.service.ts(182,38): error TS2339: Property 'cierreAdministrativo' does not exist on type 'PrismaService'.
src/modules/cierre-administrativo/infrastructure/persistence/cierre.repository.ts(14,24): error TS2339: Property 'cierreAdministrativo' does not exist on type 'PrismaService'.
src/modules/cierre-administrativo/infrastructure/persistence/cierre.repository.ts(20,24): error TS2339: Property 'cierreAdministrativo' does not exist on type 'PrismaService'.
src/modules/cierre-administrativo/infrastructure/persistence/cierre.repository.ts(32,23): error TS2339: Property 'cierreAdministrativo' does not exist on type 'PrismaService'.
src/modules/cierre-administrativo/infrastructure/persistence/cierre.repository.ts(41,24): error TS2339: Property 'cierreAdministrativo' does not exist on type 'PrismaService'.
src/modules/cierre-administrativo/infrastructure/persistence/cierre.repository.ts(52,24): error TS2339: Property 'cierreAdministrativo' does not exist on type 'PrismaService'.
src/modules/clientes/clientes.service.ts(213,43): error TS2551: Property 'order' does not exist on type 'PrismaService'. Did you mean 'orden'?
src/modules/costos/costos.service.ts(193,37): error TS2551: Property 'order' does not exist on type 'PrismaService'. Did you mean 'orden'?
src/modules/costos/costos.service.ts(350,39): error TS2551: Property 'order' does not exist on type 'PrismaService'. Did you mean 'orden'?
src/modules/costos/costos.service.ts(373,37): error TS2551: Property 'order' does not exist on type 'PrismaService'. Did you mean 'orden'?
src/modules/costos/costos.service.ts(407,48): error TS2551: Property 'order' does not exist on type 'PrismaService'. Did you mean 'orden'?
src/modules/costos/costos.service.ts(509,43): error TS2339: Property 'cost' does not exist on type 'PrismaService'.
src/modules/costos/infrastructure/persistence/costo.repository.ts(20,38): error TS2339: Property 'cost' does not exist on type 'PrismaService'.
src/modules/costos/infrastructure/persistence/costo.repository.ts(37,38): error TS2339: Property 'cost' does not exist on type 'PrismaService'.
src/modules/costos/infrastructure/persistence/costo.repository.ts(48,37): error TS2339: Property 'cost' does not exist on type 'PrismaService'.
src/modules/costos/infrastructure/persistence/costo.repository.ts(72,23): error TS2339: Property 'cost' does not exist on type 'PrismaService'.
src/modules/costos/infrastructure/persistence/costo.repository.ts(77,19): error TS2339: Property 'cost' does not exist on type 'PrismaService'.
src/modules/costos/infrastructure/persistence/costo.repository.ts(78,19): error TS2551: Property 'order' does not exist on type 'PrismaService'. Did you mean 'orden'?
src/modules/costos/infrastructure/persistence/costo.repository.ts(84,38): error TS7006: Parameter 'sum' implicitly has an 'any' type.
src/modules/costos/infrastructure/persistence/costo.repository.ts(84,43): error TS7006: Parameter 'c' implicitly has an 'any' type.
src/modules/costos/infrastructure/persistence/costo.repository.ts(91,44): error TS7006: Parameter 'acc' implicitly has an 'any' type.
src/modules/costos/infrastructure/persistence/costo.repository.ts(91,49): error TS7006: Parameter 'c' implicitly has an 'any' type.
src/modules/dashboard/dashboard.service.ts(69,21): error TS2551: Property 'order' does not exist on type 'PrismaService'. Did you mean 'orden'?
src/modules/dashboard/dashboard.service.ts(70,21): error TS2551: Property 'order' does not exist on type 'PrismaService'. Did you mean 'orden'?
src/modules/dashboard/dashboard.service.ts(74,43): error TS2353: Object literal may only specify known properties, and 'active' does not exist in type 'UserWhereInput'.
src/modules/dashboard/dashboard.service.ts(75,21): error TS2551: Property 'order' does not exist on type 'PrismaService'. Did you mean 'orden'?
src/modules/dashboard/dashboard.service.ts(92,39): error TS2551: Property 'order' does not exist on type 'PrismaService'. Did you mean 'orden'?
src/modules/dashboard/dashboard.service.ts(116,23): error TS2551: Property 'order' does not exist on type 'PrismaService'. Did you mean 'orden'?
src/modules/dashboard/dashboard.service.ts(117,23): error TS2551: Property 'order' does not exist on type 'PrismaService'. Did you mean 'orden'?
src/modules/dashboard/dashboard.service.ts(120,23): error TS2551: Property 'order' does not exist on type 'PrismaService'. Did you mean 'orden'?
src/modules/dashboard/dashboard.service.ts(124,39): error TS2353: Object literal may only specify known properties, and 'active' does not exist in type 'UserWhereInput'.
src/modules/dashboard/infrastructure/persistence/dashboard.repository.ts(46,19): error TS2551: Property 'order' does not exist on type 'PrismaService'. Did you mean 'orden'?
src/modules/dashboard/infrastructure/persistence/dashboard.repository.ts(47,19): error TS2551: Property 'order' does not exist on type 'PrismaService'. Did you mean 'orden'?
src/modules/dashboard/infrastructure/persistence/dashboard.repository.ts(48,19): error TS2551: Property 'order' does not exist on type 'PrismaService'. Did you mean 'orden'?
src/modules/dashboard/infrastructure/persistence/dashboard.repository.ts(49,19): error TS2551: Property 'order' does not exist on type 'PrismaService'. Did you mean 'orden'?
src/modules/dashboard/infrastructure/persistence/dashboard.repository.ts(50,19): error TS2551: Property 'order' does not exist on type 'PrismaService'. Did you mean 'orden'?
src/modules/dashboard/infrastructure/persistence/dashboard.repository.ts(54,50): error TS2551: Property 'order' does not exist on type 'PrismaService'. Did you mean 'orden'?
src/modules/dashboard/infrastructure/persistence/dashboard.repository.ts(58,58): error TS7006: Parameter 'sum' implicitly has an 'any' type.
src/modules/dashboard/infrastructure/persistence/dashboard.repository.ts(58,63): error TS7006: Parameter 'o' implicitly has an 'any' type.
src/modules/dashboard/infrastructure/persistence/dashboard.repository.ts(60,56): error TS7006: Parameter 'sum' implicitly has an 'any' type.
src/modules/dashboard/infrastructure/persistence/dashboard.repository.ts(60,61): error TS7006: Parameter 'o' implicitly has an 'any' type.
src/modules/dashboard/infrastructure/persistence/dashboard.repository.ts(65,53): error TS7006: Parameter 'sum' implicitly has an 'any' type.
src/modules/dashboard/infrastructure/persistence/dashboard.repository.ts(65,58): error TS7006: Parameter 'o' implicitly has an 'any' type.
src/modules/dashboard/infrastructure/persistence/dashboard.repository.ts(68,45): error TS2551: Property 'order' does not exist on type 'PrismaService'. Did you mean 'orden'?
src/modules/dashboard/infrastructure/persistence/dashboard.repository.ts(73,50): error TS2551: Property 'order' does not exist on type 'PrismaService'. Did you mean 'orden'?
src/modules/dashboard/infrastructure/persistence/dashboard.repository.ts(79,16): error TS7006: Parameter 'o' implicitly has an 'any' type.
src/modules/dashboard/infrastructure/persistence/dashboard.repository.ts(80,13): error TS7006: Parameter 'o' implicitly has an 'any' type.
src/modules/dashboard/infrastructure/persistence/dashboard.repository.ts(88,33): error TS7006: Parameter 'sum' implicitly has an 'any' type.
src/modules/dashboard/infrastructure/persistence/dashboard.repository.ts(88,38): error TS7006: Parameter 't' implicitly has an 'any' type.
src/modules/dashboard/infrastructure/persistence/dashboard.repository.ts(126,39): error TS2551: Property 'order' does not exist on type 'PrismaService'. Did you mean 'orden'?
src/modules/dashboard/infrastructure/persistence/dashboard.repository.ts(137,24): error TS7006: Parameter 'orden' implicitly has an 'any' type.
src/modules/dashboard/infrastructure/persistence/dashboard.repository.ts(157,39): error TS2551: Property 'order' does not exist on type 'PrismaService'. Did you mean 'orden'?
src/modules/dashboard/infrastructure/persistence/dashboard.repository.ts(171,25): error TS7006: Parameter 'orden' implicitly has an 'any' type.
src/modules/dashboard/services/kpi-calculator.service.ts(109,25): error TS2551: Property 'order' does not exist on type 'PrismaService'. Did you mean 'orden'?
src/modules/dashboard/services/kpi-calculator.service.ts(110,25): error TS2551: Property 'order' does not exist on type 'PrismaService'. Did you mean 'orden'?
src/modules/dashboard/services/kpi-calculator.service.ts(111,25): error TS2551: Property 'order' does not exist on type 'PrismaService'. Did you mean 'orden'?
src/modules/dashboard/services/kpi-calculator.service.ts(112,25): error TS2551: Property 'order' does not exist on type 'PrismaService'. Did you mean 'orden'?
src/modules/dashboard/services/kpi-calculator.service.ts(122,52): error TS2551: Property 'order' does not exist on type 'PrismaService'. Did you mean 'orden'?
src/modules/dashboard/services/kpi-calculator.service.ts(135,56): error TS7006: Parameter 'o' implicitly has an 'any' type.
src/modules/dashboard/services/kpi-calculator.service.ts(142,39): error TS7006: Parameter 'a' implicitly has an 'any' type.
src/modules/dashboard/services/kpi-calculator.service.ts(142,42): error TS7006: Parameter 'b' implicitly has an 'any' type.
src/modules/dashboard/services/kpi-calculator.service.ts(164,43): error TS2551: Property 'order' does not exist on type 'PrismaService'. Did you mean 'orden'?
src/modules/dashboard/services/kpi-calculator.service.ts(182,52): error TS7006: Parameter 'sum' implicitly has an 'any' type.
src/modules/dashboard/services/kpi-calculator.service.ts(182,57): error TS7006: Parameter 'c' implicitly has an 'any' type.
src/modules/dashboard/services/kpi-calculator.service.ts(230,43): error TS2353: Object literal may only specify known properties, and 'active' does not exist in type 'UserWhereInput'.
src/modules/dashboard/services/kpi-calculator.service.ts(233,43): error TS2353: Object literal may only specify known properties, and 'active' does not exist in type 'UserWhereInput'.
src/modules/dashboard/services/kpi-calculator.service.ts(235,21): error TS2353: Object literal may only specify known properties, and 'asignaciones' does not exist in type 'UserInclude<DefaultArgs>'.
src/modules/dashboard/services/kpi-calculator.service.ts(243,22): error TS2339: Property 'asignaciones' does not exist on type '{ name: string; email: string; password: string; id: string; role: string; status: string; createdAt: Date; updatedAt: Date; }'.
src/modules/dashboard/services/kpi-calculator.service.ts(247,47): error TS2551: Property 'order' does not exist on type 'PrismaService'. Did you mean 'orden'?
src/modules/dashboard/services/kpi-calculator.service.ts(276,57): error TS2551: Property 'order' does not exist on type 'PrismaService'. Did you mean 'orden'?
src/modules/dashboard/services/kpi-calculator.service.ts(343,57): error TS2551: Property 'order' does not exist on type 'PrismaService'. Did you mean 'orden'?
src/modules/dashboard/services/kpi-calculator.service.ts(367,56): error TS2551: Property 'order' does not exist on type 'PrismaService'. Did you mean 'orden'?
src/modules/dashboard/services/kpi-calculator.service.ts(375,52): error TS7006: Parameter 'sum' implicitly has an 'any' type.
src/modules/dashboard/services/kpi-calculator.service.ts(375,57): error TS7006: Parameter 'c' implicitly has an 'any' type.
src/modules/dashboard/services/kpi-calculator.service.ts(402,43): error TS2551: Property 'order' does not exist on type 'PrismaService'. Did you mean 'orden'?
src/modules/dashboard/services/kpi-calculator.service.ts(409,29): error TS7006: Parameter 'orden' implicitly has an 'any' type.
src/modules/dashboard/services/kpi-calculator.service.ts(458,43): error TS2551: Property 'order' does not exist on type 'PrismaService'. Did you mean 'orden'?
src/modules/dashboard/services/kpi-calculator.service.ts(478,50): error TS7006: Parameter 'sum' implicitly has an 'any' type.
src/modules/dashboard/services/kpi-calculator.service.ts(478,55): error TS7006: Parameter 'c' implicitly has an 'any' type.
src/modules/ejecucion/application/use-cases/completar-ejecucion.use-case.ts(45,23): error TS2551: Property 'order' does not exist on type 'PrismaService'. Did you mean 'orden'?
src/modules/ejecucion/application/use-cases/iniciar-ejecucion.use-case.ts(35,42): error TS2339: Property 'planeacion' does not exist on type 'PrismaService'.
src/modules/ejecucion/application/use-cases/iniciar-ejecucion.use-case.ts(65,23): error TS2551: Property 'order' does not exist on type 'PrismaService'. Did you mean 'orden'?
src/modules/ejecucion/ejecucion.service.ts(94,42): error TS2339: Property 'planeacion' does not exist on type 'PrismaService'.
src/modules/ejecucion/ejecucion.service.ts(120,23): error TS2551: Property 'order' does not exist on type 'PrismaService'. Did you mean 'orden'?
src/modules/ejecucion/ejecucion.service.ts(178,23): error TS2551: Property 'order' does not exist on type 'PrismaService'. Did you mean 'orden'?
src/modules/ejecucion/infrastructure/persistence/ejecucion.repository.ts(30,37): error TS2339: Property 'ejecucion' does not exist on type 'PrismaService'.
src/modules/ejecucion/infrastructure/persistence/ejecucion.repository.ts(66,41): error TS2339: Property 'ejecucion' does not exist on type 'PrismaService'.
src/modules/ejecucion/infrastructure/persistence/ejecucion.repository.ts(81,41): error TS2339: Property 'ejecucion' does not exist on type 'PrismaService'.
src/modules/ejecucion/infrastructure/persistence/ejecucion.repository.ts(96,37): error TS2339: Property 'ejecucion' does not exist on type 'PrismaService'.
src/modules/ejecucion/infrastructure/persistence/ejecucion.repository.ts(103,42): error TS2339: Property 'ejecucion' does not exist on type 'PrismaService'.
src/modules/ejecucion/infrastructure/persistence/ejecucion.repository.ts(114,28): error TS7006: Parameter 'e' implicitly has an 'any' type.
src/modules/ejecucion/infrastructure/persistence/ejecucion.repository.ts(126,42): error TS2339: Property 'ejecucion' does not exist on type 'PrismaService'.
src/modules/ejecucion/infrastructure/persistence/ejecucion.repository.ts(135,28): error TS7006: Parameter 'e' implicitly has an 'any' type.
src/modules/ejecucion/infrastructure/persistence/ejecucion.repository.ts(167,23): error TS2339: Property 'evidenciaEjecucion' does not exist on type 'PrismaService'.
src/modules/ejecucion/infrastructure/persistence/ejecucion.repository.ts(187,42): error TS2339: Property 'evidenciaEjecucion' does not exist on type 'PrismaService'.
src/modules/ejecucion/infrastructure/persistence/ejecucion.repository.ts(191,28): error TS7006: Parameter 'e' implicitly has an 'any' type.
src/modules/evidencias/evidencias.service.ts(367,37): error TS2551: Property 'order' does not exist on type 'PrismaService'. Did you mean 'orden'?
src/modules/evidencias/evidencias.service.ts(376,43): error TS2339: Property 'ejecucion' does not exist on type 'PrismaService'.
src/modules/evidencias/infrastructure/persistence/evidencia.repository.ts(30,37): error TS2339: Property 'evidenciaEjecucion' does not exist on type 'PrismaService'.
src/modules/evidencias/infrastructure/persistence/evidencia.repository.ts(66,38): error TS2339: Property 'evidenciaEjecucion' does not exist on type 'PrismaService'.
src/modules/evidencias/infrastructure/persistence/evidencia.repository.ts(75,39): error TS2339: Property 'evidenciaEjecucion' does not exist on type 'PrismaService'.
src/modules/evidencias/infrastructure/persistence/evidencia.repository.ts(79,25): error TS7006: Parameter 'r' implicitly has an 'any' type.
src/modules/evidencias/infrastructure/persistence/evidencia.repository.ts(85,39): error TS2339: Property 'evidenciaEjecucion' does not exist on type 'PrismaService'.
src/modules/evidencias/infrastructure/persistence/evidencia.repository.ts(92,25): error TS7006: Parameter 'r' implicitly has an 'any' type.
src/modules/evidencias/infrastructure/persistence/evidencia.repository.ts(97,24): error TS2339: Property 'evidenciaEjecucion' does not exist on type 'PrismaService'.
src/modules/evidencias/infrastructure/persistence/evidencia.repository.ts(101,37): error TS2339: Property 'evidenciaEjecucion' does not exist on type 'PrismaService'.
src/modules/evidencias/infrastructure/persistence/evidencia.repository.ts(108,23): error TS2339: Property 'evidenciaEjecucion' does not exist on type 'PrismaService'.
src/modules/evidencias/infrastructure/persistence/evidencia.repository.ts(118,23): error TS2339: Property 'evidenciaEjecucion' does not exist on type 'PrismaService'.
src/modules/evidencias/infrastructure/persistence/evidencia.repository.ts(128,23): error TS2339: Property 'evidenciaEjecucion' does not exist on type 'PrismaService'.
src/modules/evidencias/infrastructure/persistence/evidencia.repository.ts(134,39): error TS2339: Property 'evidenciaEjecucion' does not exist on type 'PrismaService'.
src/modules/evidencias/infrastructure/persistence/evidencia.repository.ts(142,25): error TS7006: Parameter 'r' implicitly has an 'any' type.
src/modules/facturacion/facturacion.service.ts(38,41): error TS2551: Property 'order' does not exist on type 'PrismaService'. Did you mean 'orden'?
src/modules/facturacion/facturacion.service.ts(47,47): error TS2339: Property 'sES' does not exist on type 'PrismaService'.
src/modules/facturacion/facturacion.service.ts(53,47): error TS2339: Property 'sES' does not exist on type 'PrismaService'.
src/modules/facturacion/facturacion.service.ts(66,39): error TS2339: Property 'sES' does not exist on type 'PrismaService'.
src/modules/facturacion/facturacion.service.ts(92,39): error TS2339: Property 'sES' does not exist on type 'PrismaService'.
src/modules/facturacion/facturacion.service.ts(105,43): error TS2339: Property 'sES' does not exist on type 'PrismaService'.
src/modules/facturacion/facturacion.service.ts(127,39): error TS2339: Property 'sES' does not exist on type 'PrismaService'.
src/modules/facturacion/facturacion.service.ts(137,51): error TS2339: Property 'factura' does not exist on type 'PrismaService'.
src/modules/facturacion/facturacion.service.ts(148,47): error TS2339: Property 'factura' does not exist on type 'PrismaService'.
src/modules/facturacion/facturacion.service.ts(163,43): error TS2339: Property 'factura' does not exist on type 'PrismaService'.
src/modules/facturacion/facturacion.service.ts(191,43): error TS2339: Property 'factura' does not exist on type 'PrismaService'.
src/modules/facturacion/facturacion.service.ts(203,43): error TS2339: Property 'factura' does not exist on type 'PrismaService'.
src/modules/facturacion/facturacion.service.ts(226,49): error TS2339: Property 'sES' does not exist on type 'PrismaService'.
src/modules/facturacion/facturacion.service.ts(234,54): error TS2339: Property 'factura' does not exist on type 'PrismaService'.
src/modules/facturacion/facturacion.service.ts(241,43): error TS2339: Property 'factura' does not exist on type 'PrismaService'.
src/modules/facturacion/facturacion.service.ts(245,43): error TS2339: Property 'factura' does not exist on type 'PrismaService'.
src/modules/facturacion/facturacion.service.ts(255,62): error TS7006: Parameter 's' implicitly has an 'any' type.
src/modules/facturacion/facturacion.service.ts(259,47): error TS7006: Parameter 's' implicitly has an 'any' type.
src/modules/facturacion/facturacion.service.ts(260,57): error TS7006: Parameter 'f' implicitly has an 'any' type.
src/modules/facturacion/facturacion.service.ts(269,41): error TS2551: Property 'order' does not exist on type 'PrismaService'. Did you mean 'orden'?
src/modules/facturacion/facturacion.service.ts(277,39): error TS2339: Property 'sES' does not exist on type 'PrismaService'.
src/modules/formularios/formularios.service.ts(26,44): error TS2339: Property 'formTemplate' does not exist on type 'PrismaService'.
src/modules/formularios/formularios.service.ts(34,44): error TS2339: Property 'formTemplate' does not exist on type 'PrismaService'.
src/modules/formularios/formularios.service.ts(59,28): error TS2339: Property 'formTemplate' does not exist on type 'PrismaService'.
src/modules/formularios/formularios.service.ts(69,44): error TS2339: Property 'formTemplate' does not exist on type 'PrismaService'.
src/modules/formularios/formularios.service.ts(88,48): error TS2339: Property 'formTemplate' does not exist on type 'PrismaService'.
src/modules/formularios/formularios.service.ts(108,28): error TS2339: Property 'formTemplate' does not exist on type 'PrismaService'.
src/modules/formularios/formularios.service.ts(118,28): error TS2339: Property 'formTemplate' does not exist on type 'PrismaService'.
src/modules/formularios/formularios.service.ts(136,45): error TS2551: Property 'order' does not exist on type 'PrismaService'. Did you mean 'orden'?
src/modules/formularios/formularios.service.ts(142,45): error TS2339: Property 'formularioInstancia' does not exist on type 'PrismaService'.
src/modules/formularios/formularios.service.ts(168,28): error TS2339: Property 'formularioInstancia' does not exist on type 'PrismaService'.
src/modules/formularios/formularios.service.ts(180,45): error TS2339: Property 'formularioInstancia' does not exist on type 'PrismaService'.
src/modules/formularios/formularios.service.ts(206,28): error TS2339: Property 'formularioInstancia' does not exist on type 'PrismaService'.
src/modules/formularios/formularios.service.ts(215,28): error TS2339: Property 'formularioInstancia' does not exist on type 'PrismaService'.
src/modules/formularios/infrastructure/persistence/form-submission.repository.ts(33,37): error TS2339: Property 'formularioInstancia' does not exist on type 'PrismaService'.
src/modules/formularios/infrastructure/persistence/form-submission.repository.ts(51,42): error TS2339: Property 'formularioInstancia' does not exist on type 'PrismaService'.
src/modules/formularios/infrastructure/persistence/form-submission.repository.ts(66,43): error TS2339: Property 'formularioInstancia' does not exist on type 'PrismaService'.
src/modules/formularios/infrastructure/persistence/form-submission.repository.ts(76,29): error TS7006: Parameter 's' implicitly has an 'any' type.
src/modules/formularios/infrastructure/persistence/form-submission.repository.ts(85,43): error TS2339: Property 'formularioInstancia' does not exist on type 'PrismaService'.
src/modules/formularios/infrastructure/persistence/form-submission.repository.ts(95,29): error TS7006: Parameter 's' implicitly has an 'any' type.
src/modules/formularios/infrastructure/persistence/form-submission.repository.ts(99,24): error TS2339: Property 'formularioInstancia' does not exist on type 'PrismaService'.
src/modules/formularios/infrastructure/persistence/form-submission.repository.ts(107,43): error TS2339: Property 'formularioInstancia' does not exist on type 'PrismaService'.
src/modules/formularios/infrastructure/persistence/form-submission.repository.ts(114,29): error TS7006: Parameter 's' implicitly has an 'any' type.
src/modules/formularios/infrastructure/persistence/form-submission.repository.ts(118,23): error TS2339: Property 'formularioInstancia' does not exist on type 'PrismaService'.
src/modules/formularios/infrastructure/persistence/form-template.repository.ts(21,37): error TS2339: Property 'formTemplate' does not exist on type 'PrismaService'.
src/modules/formularios/infrastructure/persistence/form-template.repository.ts(52,40): error TS2339: Property 'formTemplate' does not exist on type 'PrismaService'.
src/modules/formularios/infrastructure/persistence/form-template.repository.ts(64,41): error TS2339: Property 'formTemplate' does not exist on type 'PrismaService'.
src/modules/formularios/infrastructure/persistence/form-template.repository.ts(72,27): error TS7006: Parameter 't' implicitly has an 'any' type.
src/modules/formularios/infrastructure/persistence/form-template.repository.ts(76,40): error TS2339: Property 'formTemplate' does not exist on type 'PrismaService'.
src/modules/formularios/infrastructure/persistence/form-template.repository.ts(92,41): error TS2339: Property 'formTemplate' does not exist on type 'PrismaService'.
src/modules/formularios/infrastructure/persistence/form-template.repository.ts(99,27): error TS7006: Parameter 't' implicitly has an 'any' type.
src/modules/formularios/infrastructure/persistence/form-template.repository.ts(103,37): error TS2339: Property 'formTemplate' does not exist on type 'PrismaService'.
src/modules/formularios/infrastructure/persistence/form-template.repository.ts(114,41): error TS2339: Property 'formTemplate' does not exist on type 'PrismaService'.
src/modules/formularios/infrastructure/persistence/form-template.repository.ts(121,27): error TS7006: Parameter 't' implicitly has an 'any' type.
src/modules/formularios/infrastructure/persistence/form-template.repository.ts(127,41): error TS2339: Property 'formTemplate' does not exist on type 'PrismaService'.
src/modules/formularios/infrastructure/persistence/form-template.repository.ts(135,13): error TS7006: Parameter 't' implicitly has an 'any' type.
src/modules/formularios/infrastructure/persistence/form-template.repository.ts(136,16): error TS7006: Parameter 't' implicitly has an 'any' type.
src/modules/formularios/infrastructure/persistence/form-template.repository.ts(141,23): error TS2339: Property 'formTemplate' does not exist on type 'PrismaService'.
src/modules/hes/hes.service.ts(51,41): error TS2339: Property 'equipoHES' does not exist on type 'PrismaService'.
src/modules/hes/hes.service.ts(74,40): error TS2339: Property 'equipoHES' does not exist on type 'PrismaService'.
src/modules/hes/hes.service.ts(101,46): error TS2339: Property 'inspeccionHES' does not exist on type 'PrismaService'.
src/modules/hes/hes.service.ts(121,44): error TS2339: Property 'inspeccionHES' does not exist on type 'PrismaService'.
src/modules/hes/hes.service.ts(135,25): error TS2339: Property 'equipoHES' does not exist on type 'PrismaService'.
src/modules/kits/infrastructure/persistence/kit.repository.impl.ts(24,41): error TS2339: Property 'kitTipico' does not exist on type 'PrismaService'.
src/modules/kits/infrastructure/persistence/kit.repository.impl.ts(56,39): error TS2339: Property 'kitTipico' does not exist on type 'PrismaService'.
src/modules/kits/infrastructure/persistence/kit.repository.impl.ts(67,39): error TS2339: Property 'kitTipico' does not exist on type 'PrismaService'.
src/modules/kits/infrastructure/persistence/kit.repository.impl.ts(78,40): error TS2339: Property 'kitTipico' does not exist on type 'PrismaService'.
src/modules/kits/infrastructure/persistence/kit.repository.impl.ts(86,25): error TS7006: Parameter 'k' implicitly has an 'any' type.
src/modules/kits/infrastructure/persistence/kit.repository.impl.ts(90,40): error TS2339: Property 'kitTipico' does not exist on type 'PrismaService'.
src/modules/kits/infrastructure/persistence/kit.repository.impl.ts(95,25): error TS7006: Parameter 'k' implicitly has an 'any' type.
src/modules/kits/infrastructure/persistence/kit.repository.impl.ts(101,40): error TS2339: Property 'kitTipico' does not exist on type 'PrismaService'.
src/modules/kits/infrastructure/persistence/kit.repository.impl.ts(106,25): error TS7006: Parameter 'k' implicitly has an 'any' type.
src/modules/kits/infrastructure/persistence/kit.repository.impl.ts(111,40): error TS2339: Property 'kitTipico' does not exist on type 'PrismaService'.
src/modules/kits/infrastructure/persistence/kit.repository.impl.ts(119,25): error TS7006: Parameter 'k' implicitly has an 'any' type.
src/modules/kits/infrastructure/persistence/kit.repository.impl.ts(123,41): error TS2339: Property 'kitTipico' does not exist on type 'PrismaService'.
src/modules/kits/infrastructure/persistence/kit.repository.impl.ts(131,41): error TS2339: Property 'kitTipico' does not exist on type 'PrismaService'.
src/modules/kits/infrastructure/persistence/kit.repository.impl.ts(136,27): error TS2339: Property 'kitTipico' does not exist on type 'PrismaService'.
src/modules/kits/infrastructure/persistence/kit.repository.impl.ts(143,28): error TS2339: Property 'kitTipico' does not exist on type 'PrismaService'.
src/modules/kits/infrastructure/persistence/kit.repository.ts(25,36): error TS2339: Property 'kitTipico' does not exist on type 'PrismaService'.
src/modules/kits/infrastructure/persistence/kit.repository.ts(34,35): error TS2339: Property 'kitTipico' does not exist on type 'PrismaService'.
src/modules/kits/infrastructure/persistence/kit.repository.ts(42,36): error TS2339: Property 'kitTipico' does not exist on type 'PrismaService'.
src/modules/kits/infrastructure/persistence/kit.repository.ts(54,35): error TS2339: Property 'kitTipico' does not exist on type 'PrismaService'.
src/modules/kits/infrastructure/persistence/kit.repository.ts(72,23): error TS2339: Property 'kitTipico' does not exist on type 'PrismaService'.
src/modules/kits/infrastructure/persistence/kit.repository.ts(89,35): error TS2339: Property 'kitTipico' does not exist on type 'PrismaService'.
src/modules/kits/infrastructure/persistence/kit.repository.ts(98,35): error TS2339: Property 'kitTipico' does not exist on type 'PrismaService'.
src/modules/kits/kits.service.ts(213,44): error TS2339: Property 'kitTipico' does not exist on type 'PrismaService'.
src/modules/kits/kits.service.ts(229,39): error TS2339: Property 'kitTipico' does not exist on type 'PrismaService'.
src/modules/kits/kits.service.ts(238,39): error TS2339: Property 'kitTipico' does not exist on type 'PrismaService'.
src/modules/kits/kits.service.ts(269,39): error TS2339: Property 'kitTipico' does not exist on type 'PrismaService'.
src/modules/kits/kits.service.ts(281,27): error TS2339: Property 'kitTipico' does not exist on type 'PrismaService'.
src/modules/kits/kits.service.ts(294,39): error TS2339: Property 'kitTipico' does not exist on type 'PrismaService'.
src/modules/kits/kits.service.ts(328,45): error TS2339: Property 'ejecucion' does not exist on type 'PrismaService'.
src/modules/kits/kits.service.ts(340,54): error TS2339: Property 'checklistEjecucion' does not exist on type 'PrismaService'.
src/modules/kits/kits.service.ts(373,31): error TS2339: Property 'checklistItemEjecucion' does not exist on type 'PrismaService'.
src/modules/kits/kits.service.ts(378,53): error TS2339: Property 'checklistEjecucion' does not exist on type 'PrismaService'.
src/modules/kits/kits.service.ts(403,45): error TS2339: Property 'ejecucion' does not exist on type 'PrismaService'.
src/modules/kits/kits.service.ts(411,54): error TS2339: Property 'checklistEjecucion' does not exist on type 'PrismaService'.
src/modules/kits/kits.service.ts(450,27): error TS2339: Property 'checklistItemEjecucion' does not exist on type 'PrismaService'.
src/modules/kits/kits.service.ts(454,53): error TS2339: Property 'checklistEjecucion' does not exist on type 'PrismaService'.
src/modules/kits/kits.service.ts(481,51): error TS2339: Property 'kitTipico' does not exist on type 'PrismaService'.
src/modules/kits/kits.service.ts(486,50): error TS2339: Property 'kitTipico' does not exist on type 'PrismaService'.
src/modules/kpis/application/use-cases/get-financial-kpis.use-case.ts(63,42): error TS2551: Property 'order' does not exist on type 'PrismaService'. Did you mean 'orden'?
src/modules/kpis/application/use-cases/get-financial-kpis.use-case.ts(89,28): error TS2551: Property 'order' does not exist on type 'PrismaService'. Did you mean 'orden'?
src/modules/kpis/application/use-cases/get-ordenes-kpis.use-case.ts(82,28): error TS2551: Property 'order' does not exist on type 'PrismaService'. Did you mean 'orden'?
src/modules/kpis/application/use-cases/get-ordenes-kpis.use-case.ts(99,28): error TS2551: Property 'order' does not exist on type 'PrismaService'. Did you mean 'orden'?
src/modules/kpis/application/use-cases/get-ordenes-kpis.use-case.ts(116,43): error TS2551: Property 'order' does not exist on type 'PrismaService'. Did you mean 'orden'?
src/modules/kpis/application/use-cases/get-tecnicos-kpis.use-case.ts(44,17): error TS2353: Object literal may only specify known properties, and 'active' does not exist in type 'UserWhereInput'.
src/modules/kpis/application/use-cases/get-tecnicos-kpis.use-case.ts(54,25): error TS2551: Property 'order' does not exist on type 'PrismaService'. Did you mean 'orden'?
src/modules/kpis/application/use-cases/get-tecnicos-kpis.use-case.ts(63,25): error TS2551: Property 'order' does not exist on type 'PrismaService'. Did you mean 'orden'?
src/modules/ordenes/application/services/order-state.service.ts(67,41): error TS2551: Property 'order' does not exist on type 'PrismaService'. Did you mean 'orden'?
src/modules/ordenes/application/services/order-state.service.ts(87,48): error TS2551: Property 'order' does not exist on type 'PrismaService'. Did you mean 'orden'?
src/modules/ordenes/application/services/order-state.service.ts(96,27): error TS2339: Property 'orderStateHistory' does not exist on type 'PrismaService'.
src/modules/ordenes/application/services/order-state.service.ts(142,43): error TS2339: Property 'orderStateHistory' does not exist on type 'PrismaService'.
src/modules/ordenes/application/services/order-state.service.ts(164,41): error TS2551: Property 'order' does not exist on type 'PrismaService'. Did you mean 'orden'?
src/modules/ordenes/application/services/order-state.service.ts(196,66): error TS2339: Property 'planeacion' does not exist on type 'PrismaService'.
src/modules/ordenes/application/services/order-state.service.ts(200,43): error TS2339: Property 'planeacion' does not exist on type 'PrismaService'.
src/modules/ordenes/application/services/order-state.service.ts(230,39): error TS2551: Property 'order' does not exist on type 'PrismaService'. Did you mean 'orden'?
src/modules/ordenes/application/services/order-state.service.ts(255,27): error TS2339: Property 'alertaAutomatica' does not exist on type 'PrismaService'.
src/modules/ordenes/application/services/order-state.service.ts(271,41): error TS2551: Property 'order' does not exist on type 'PrismaService'. Did you mean 'orden'?
src/modules/ordenes/application/services/order-state.service.ts(287,27): error TS2339: Property 'comparativaCostos' does not exist on type 'PrismaService'.
src/modules/ordenes/application/use-cases/get-historial-estados.use-case.ts(36,53): error TS2339: Property 'orderStateHistory' does not exist on type 'PrismaService'.
src/modules/ordenes/application/use-cases/get-historial-estados.use-case.ts(45,72): error TS7006: Parameter 'h' implicitly has an 'any' type.
src/modules/ordenes/infrastructure/mappers/orden.mapper.ts(1,10): error TS2724: '"@prisma/client"' has no exported member named 'Order'. Did you mean 'Orden'?
src/modules/ordenes/infrastructure/mappers/orden.mapper.ts(1,52): error TS2305: Module '"@prisma/client"' has no exported member 'OrderStatus'.
src/modules/ordenes/infrastructure/mappers/orden.mapper.ts(1,65): error TS2305: Module '"@prisma/client"' has no exported member 'OrderPriority'.
src/modules/ordenes/infrastructure/persistence/prisma-orden.repository.ts(35,19): error TS2551: Property 'order' does not exist on type 'PrismaService'. Did you mean 'orden'?
src/modules/ordenes/infrastructure/persistence/prisma-orden.repository.ts(45,19): error TS2551: Property 'order' does not exist on type 'PrismaService'. Did you mean 'orden'?
src/modules/ordenes/infrastructure/persistence/prisma-orden.repository.ts(48,30): error TS7006: Parameter 'order' implicitly has an 'any' type.
src/modules/ordenes/infrastructure/persistence/prisma-orden.repository.ts(91,19): error TS2551: Property 'order' does not exist on type 'PrismaService'. Did you mean 'orden'?
src/modules/ordenes/infrastructure/persistence/prisma-orden.repository.ts(110,19): error TS2551: Property 'order' does not exist on type 'PrismaService'. Did you mean 'orden'?
src/modules/ordenes/infrastructure/persistence/prisma-orden.repository.ts(127,37): error TS2551: Property 'order' does not exist on type 'PrismaService'. Did you mean 'orden'?
src/modules/ordenes/infrastructure/persistence/prisma-orden.repository.ts(144,37): error TS2551: Property 'order' does not exist on type 'PrismaService'. Did you mean 'orden'?
src/modules/ordenes/infrastructure/persistence/prisma-orden.repository.ts(161,39): error TS2551: Property 'order' does not exist on type 'PrismaService'. Did you mean 'orden'?
src/modules/ordenes/infrastructure/persistence/prisma-orden.repository.ts(186,39): error TS2551: Property 'order' does not exist on type 'PrismaService'. Did you mean 'orden'?
src/modules/ordenes/infrastructure/persistence/prisma-orden.repository.ts(226,39): error TS2551: Property 'order' does not exist on type 'PrismaService'. Did you mean 'orden'?
src/modules/ordenes/infrastructure/persistence/prisma-orden.repository.ts(242,23): error TS2551: Property 'order' does not exist on type 'PrismaService'. Did you mean 'orden'?
src/modules/ordenes/infrastructure/persistence/prisma-orden.repository.ts(249,24): error TS2551: Property 'order' does not exist on type 'PrismaService'. Did you mean 'orden'?
src/modules/ordenes/infrastructure/persistence/prisma-orden.repository.ts(256,37): error TS2551: Property 'order' does not exist on type 'PrismaService'. Did you mean 'orden'?
src/modules/pdf-generation/application/use-cases/generate-reporte-mantenimiento.use-case.ts(24,53): error TS2339: Property 'mantenimiento' does not exist on type 'PrismaService'.
src/modules/pdf-generation/application/use-cases/generate-reporte-orden.use-case.ts(25,45): error TS2551: Property 'order' does not exist on type 'PrismaService'. Did you mean 'orden'?
src/modules/planeacion/infrastructure/persistence/planeacion.repository.ts(15,42): error TS2339: Property 'planeacion' does not exist on type 'PrismaService'.
src/modules/planeacion/infrastructure/persistence/planeacion.repository.ts(27,40): error TS2339: Property 'planeacion' does not exist on type 'PrismaService'.
src/modules/planeacion/infrastructure/persistence/planeacion.repository.ts(39,42): error TS2339: Property 'planeacion' does not exist on type 'PrismaService'.
src/modules/planeacion/infrastructure/persistence/planeacion.repository.ts(54,42): error TS2339: Property 'planeacion' does not exist on type 'PrismaService'.
src/modules/planeacion/infrastructure/persistence/planeacion.repository.ts(67,42): error TS2339: Property 'planeacion' does not exist on type 'PrismaService'.
src/modules/planeacion/infrastructure/persistence/planeacion.repository.ts(79,42): error TS2339: Property 'planeacion' does not exist on type 'PrismaService'.
src/modules/reportes/infrastructure/persistence/reporte.repository.ts(29,28): error TS2551: Property 'order' does not exist on type 'PrismaService'. Did you mean 'orden'?
src/modules/reportes/infrastructure/persistence/reporte.repository.ts(40,28): error TS2551: Property 'order' does not exist on type 'PrismaService'. Did you mean 'orden'?
src/modules/reportes/reportes.service.ts(66,39): error TS2551: Property 'order' does not exist on type 'PrismaService'. Did you mean 'orden'?
src/modules/reportes/reportes.service.ts(83,24): error TS2551: Property 'order' does not exist on type 'PrismaService'. Did you mean 'orden'?
src/modules/sync/infrastructure/persistence/sync.repository.ts(14,38): error TS2339: Property 'pendingSync' does not exist on type 'PrismaService'.
src/modules/sync/infrastructure/persistence/sync.repository.ts(44,23): error TS2339: Property 'pendingSync' does not exist on type 'PrismaService'.
src/modules/sync/infrastructure/persistence/sync.repository.ts(54,23): error TS2339: Property 'pendingSync' does not exist on type 'PrismaService'.
src/modules/sync/infrastructure/persistence/sync.repository.ts(66,19): error TS2551: Property 'order' does not exist on type 'PrismaService'. Did you mean 'orden'?
src/modules/sync/infrastructure/persistence/sync.repository.ts(81,19): error TS2339: Property 'ejecucion' does not exist on type 'PrismaService'.
src/modules/sync/infrastructure/persistence/sync.repository.ts(95,23): error TS7006: Parameter 'o' implicitly has an 'any' type.
src/modules/sync/infrastructure/persistence/sync.repository.ts(96,27): error TS7006: Parameter 'e' implicitly has an 'any' type.
src/modules/sync/infrastructure/persistence/sync.repository.ts(101,39): error TS2339: Property 'pendingSync' does not exist on type 'PrismaService'.
src/modules/sync/infrastructure/persistence/sync.repository.ts(109,25): error TS7006: Parameter 'r' implicitly has an 'any' type.
src/modules/sync/services/offline-sync.service.ts(43,49): error TS2339: Property 'ejecucion' does not exist on type 'PrismaService'.
src/modules/sync/services/offline-sync.service.ts(131,38): error TS2339: Property 'checklistItemEjecucion' does not exist on type 'Omit<PrismaClient<PrismaClientOptions, never, DefaultArgs>, "$on" | "$connect" | "$disconnect" | "$use" | "$transaction" | "$extends">'.
src/modules/sync/services/offline-sync.service.ts(161,30): error TS2339: Property 'ejecucion' does not exist on type 'Omit<PrismaClient<PrismaClientOptions, never, DefaultArgs>, "$on" | "$connect" | "$disconnect" | "$use" | "$transaction" | "$extends">'.
src/modules/sync/services/offline-sync.service.ts(182,25): error TS2322: Type '{ itemsSincronizados: number; deviceId: string; timestamp: Date; errores: number; }' is not assignable to type 'string'.
src/modules/sync/services/offline-sync.service.ts(255,45): error TS2339: Property 'checklistItemEjecucion' does not exist on type 'PrismaService'.
src/modules/sync/services/offline-sync.service.ts(263,52): error TS7006: Parameter 'i' implicitly has an 'any' type.
src/modules/sync/sync.service.ts(88,31): error TS2339: Property 'ejecucion' does not exist on type 'PrismaService'.
src/modules/sync/sync.service.ts(109,50): error TS2339: Property 'planeacion' does not exist on type 'PrismaService'.
src/modules/sync/sync.service.ts(117,49): error TS2339: Property 'ejecucion' does not exist on type 'PrismaService'.
src/modules/sync/sync.service.ts(129,31): error TS2551: Property 'order' does not exist on type 'PrismaService'. Did you mean 'orden'?
src/modules/sync/sync.service.ts(151,31): error TS2339: Property 'checklistEjecucion' does not exist on type 'PrismaService'.
src/modules/sync/sync.service.ts(170,49): error TS2339: Property 'checklistEjecucion' does not exist on type 'PrismaService'.
src/modules/sync/sync.service.ts(199,49): error TS2339: Property 'evidenciaEjecucion' does not exist on type 'PrismaService'.
src/modules/sync/sync.service.ts(232,31): error TS2339: Property 'tareaEjecucion' does not exist on type 'PrismaService'.
src/modules/sync/sync.service.ts(252,45): error TS2339: Property 'tareaEjecucion' does not exist on type 'PrismaService'.
src/modules/sync/sync.service.ts(280,45): error TS2339: Property 'cost' does not exist on type 'PrismaService'.
src/modules/sync/sync.service.ts(308,51): error TS2339: Property 'ejecucion' does not exist on type 'PrismaService'.
src/modules/sync/sync.service.ts(314,51): error TS2339: Property 'evidenciaEjecucion' does not exist on type 'PrismaService'.
src/modules/sync/sync.service.ts(330,43): error TS2551: Property 'order' does not exist on type 'PrismaService'. Did you mean 'orden'?
src/modules/sync/sync.service.ts(353,35): error TS7006: Parameter 'o' implicitly has an 'any' type.
src/modules/tecnicos/infrastructure/persistence/prisma-tecnico.repository.ts(19,17): error TS2353: Object literal may only specify known properties, and 'asignaciones' does not exist in type 'UserInclude<DefaultArgs>'.
src/modules/tecnicos/infrastructure/persistence/prisma-tecnico.repository.ts(51,17): error TS2353: Object literal may only specify known properties, and 'asignaciones' does not exist in type 'UserInclude<DefaultArgs>'.
src/modules/tecnicos/infrastructure/persistence/prisma-tecnico.repository.ts(64,17): error TS2353: Object literal may only specify known properties, and 'active' does not exist in type 'UserWhereInput'.
src/modules/tecnicos/infrastructure/persistence/prisma-tecnico.repository.ts(68,17): error TS2353: Object literal may only specify known properties, and 'asignaciones' does not exist in type 'UserInclude<DefaultArgs>'.
src/modules/tecnicos/infrastructure/persistence/prisma-tecnico.repository.ts(91,17): error TS2353: Object literal may only specify known properties, and 'asignaciones' does not exist in type 'UserInclude<DefaultArgs>'.
src/modules/tecnicos/infrastructure/persistence/prisma-tecnico.repository.ts(103,21): error TS2353: Object literal may only specify known properties, and 'active' does not exist in type '(Without<UserUpdateInput, UserUncheckedUpdateInput> & UserUncheckedUpdateInput) | (Without<...> & UserUpdateInput)'.
